This is pdfTeX, Version 3.14159265-2.6-1.40.18 (TeX Live 2017/Debian) (preloaded format=pdflatex 2021.8.30)  18 SEP 2021 21:28
entering extended mode
 restricted \write18 enabled.
 %&-line parsing enabled.
**huifu_tian_supervised_learning_assignment.tex
(./huifu_tian_supervised_learning_assignment.tex
LaTeX2e <2017-04-15>
Babel <3.18> and hyphenation patterns for 3 language(s) loaded.
(/usr/share/texlive/texmf-dist/tex/latex/base/article.cls
Document Class: article 2014/09/29 v1.4h Standard LaTeX document class
(/usr/share/texlive/texmf-dist/tex/latex/base/size10.clo
File: size10.clo 2014/09/29 v1.4h Standard LaTeX file (size option)
)
\c@part=\count79
\c@section=\count80
\c@subsection=\count81
\c@subsubsection=\count82
\c@paragraph=\count83
\c@subparagraph=\count84
\c@figure=\count85
\c@table=\count86
\abovecaptionskip=\skip41
\belowcaptionskip=\skip42
\bibindent=\dimen102
)
(/usr/share/texlive/texmf-dist/tex/latex/graphics/graphicx.sty
Package: graphicx 2017/06/01 v1.1a Enhanced LaTeX Graphics (DPC,SPQR)

(/usr/share/texlive/texmf-dist/tex/latex/graphics/keyval.sty
Package: keyval 2014/10/28 v1.15 key=value parser (DPC)
\KV@toks@=\toks14
)
(/usr/share/texlive/texmf-dist/tex/latex/graphics/graphics.sty
Package: graphics 2017/06/25 v1.2c Standard LaTeX Graphics (DPC,SPQR)

(/usr/share/texlive/texmf-dist/tex/latex/graphics/trig.sty
Package: trig 2016/01/03 v1.10 sin cos tan (DPC)
)
(/usr/share/texlive/texmf-dist/tex/latex/graphics-cfg/graphics.cfg
File: graphics.cfg 2016/06/04 v1.11 sample graphics configuration
)
Package graphics Info: Driver file: pdftex.def on input line 99.

(/usr/share/texlive/texmf-dist/tex/latex/graphics-def/pdftex.def
File: pdftex.def 2018/01/08 v1.0l Graphics/color driver for pdftex
))
\Gin@req@height=\dimen103
\Gin@req@width=\dimen104
)
(/usr/share/texlive/texmf-dist/tex/latex/geometry/geometry.sty
Package: geometry 2010/09/12 v5.6 Page Geometry

(/usr/share/texlive/texmf-dist/tex/generic/oberdiek/ifpdf.sty
Package: ifpdf 2017/03/15 v3.2 Provides the ifpdf switch
)
(/usr/share/texlive/texmf-dist/tex/generic/oberdiek/ifvtex.sty
Package: ifvtex 2016/05/16 v1.6 Detect VTeX and its facilities (HO)
Package ifvtex Info: VTeX not detected.
)
(/usr/share/texlive/texmf-dist/tex/generic/ifxetex/ifxetex.sty
Package: ifxetex 2010/09/12 v0.6 Provides ifxetex conditional
)
\Gm@cnth=\count87
\Gm@cntv=\count88
\c@Gm@tempcnt=\count89
\Gm@bindingoffset=\dimen105
\Gm@wd@mp=\dimen106
\Gm@odd@mp=\dimen107
\Gm@even@mp=\dimen108
\Gm@layoutwidth=\dimen109
\Gm@layoutheight=\dimen110
\Gm@layouthoffset=\dimen111
\Gm@layoutvoffset=\dimen112
\Gm@dimlist=\toks15
)
(/usr/share/texlive/texmf-dist/tex/latex/xcolor/xcolor.sty
Package: xcolor 2016/05/11 v2.12 LaTeX color extensions (UK)

(/usr/share/texlive/texmf-dist/tex/latex/graphics-cfg/color.cfg
File: color.cfg 2016/01/02 v1.6 sample color configuration
)
Package xcolor Info: Driver file: pdftex.def on input line 225.
Package xcolor Info: Model `cmy' substituted by `cmy0' on input line 1348.
Package xcolor Info: Model `hsb' substituted by `rgb' on input line 1352.
Package xcolor Info: Model `RGB' extended on input line 1364.
Package xcolor Info: Model `HTML' substituted by `rgb' on input line 1366.
Package xcolor Info: Model `Hsb' substituted by `hsb' on input line 1367.
Package xcolor Info: Model `tHsb' substituted by `hsb' on input line 1368.
Package xcolor Info: Model `HSB' substituted by `hsb' on input line 1369.
Package xcolor Info: Model `Gray' substituted by `gray' on input line 1370.
Package xcolor Info: Model `wave' substituted by `hsb' on input line 1371.
) (./soul.sty
Package: soul 2003/11/17 v2.4 letterspacing/underlining (mf)
\SOUL@word=\toks16
\SOUL@lasttoken=\toks17
\SOUL@cmds=\toks18
\SOUL@buffer=\toks19
\SOUL@token=\toks20
\SOUL@spaceskip=\skip43
\SOUL@ttwidth=\dimen113
\SOUL@uldp=\dimen114
\SOUL@ulht=\dimen115
)
(/usr/share/texlive/texmf-dist/tex/latex/caption/subcaption.sty
Package: subcaption 2016/05/22 v1.1-161 Sub-captions (AR)

(/usr/share/texlive/texmf-dist/tex/latex/caption/caption.sty
Package: caption 2016/02/21 v3.3-144 Customizing captions (AR)

(/usr/share/texlive/texmf-dist/tex/latex/caption/caption3.sty
Package: caption3 2016/05/22 v1.7-166 caption3 kernel (AR)
Package caption3 Info: TeX engine: e-TeX on input line 67.
\captionmargin=\dimen116
\captionmargin@=\dimen117
\captionwidth=\dimen118
\caption@tempdima=\dimen119
\caption@indent=\dimen120
\caption@parindent=\dimen121
\caption@hangindent=\dimen122
)
\c@ContinuedFloat=\count90
)
\c@subfigure=\count91
\c@subtable=\count92
)
(./huifu_tian_supervised_learning_assignment.aux

LaTeX Warning: Label `fig:test' multiply defined.


LaTeX Warning: Label `fig:test' multiply defined.


LaTeX Warning: Label `fig:test' multiply defined.


LaTeX Warning: Label `fig:test' multiply defined.


LaTeX Warning: Label `fig:test' multiply defined.


LaTeX Warning: Label `fig:test' multiply defined.


LaTeX Warning: Label `fig:test' multiply defined.


LaTeX Warning: Label `fig:test' multiply defined.

)
\openout1 = `huifu_tian_supervised_learning_assignment.aux'.

LaTeX Font Info:    Checking defaults for OML/cmm/m/it on input line 14.
LaTeX Font Info:    ... okay on input line 14.
LaTeX Font Info:    Checking defaults for T1/cmr/m/n on input line 14.
LaTeX Font Info:    ... okay on input line 14.
LaTeX Font Info:    Checking defaults for OT1/cmr/m/n on input line 14.
LaTeX Font Info:    ... okay on input line 14.
LaTeX Font Info:    Checking defaults for OMS/cmsy/m/n on input line 14.
LaTeX Font Info:    ... okay on input line 14.
LaTeX Font Info:    Checking defaults for OMX/cmex/m/n on input line 14.
LaTeX Font Info:    ... okay on input line 14.
LaTeX Font Info:    Checking defaults for U/cmr/m/n on input line 14.
LaTeX Font Info:    ... okay on input line 14.
 (/usr/share/texlive/texmf-dist/tex/context/base/mkii/supp-pdf.mkii
[Loading MPS to PDF converter (version 2006.09.02).]
\scratchcounter=\count93
\scratchdimen=\dimen123
\scratchbox=\box26
\nofMPsegments=\count94
\nofMParguments=\count95
\everyMPshowfont=\toks21
\MPscratchCnt=\count96
\MPscratchDim=\dimen124
\MPnumerator=\count97
\makeMPintoPDFobject=\count98
\everyMPtoPDFconversion=\toks22
) (/usr/share/texlive/texmf-dist/tex/latex/oberdiek/epstopdf-base.sty
Package: epstopdf-base 2016/05/15 v2.6 Base part for package epstopdf

(/usr/share/texlive/texmf-dist/tex/generic/oberdiek/infwarerr.sty
Package: infwarerr 2016/05/16 v1.4 Providing info/warning/error messages (HO)
)
(/usr/share/texlive/texmf-dist/tex/latex/oberdiek/grfext.sty
Package: grfext 2016/05/16 v1.2 Manage graphics extensions (HO)

(/usr/share/texlive/texmf-dist/tex/generic/oberdiek/kvdefinekeys.sty
Package: kvdefinekeys 2016/05/16 v1.4 Define keys (HO)

(/usr/share/texlive/texmf-dist/tex/generic/oberdiek/ltxcmds.sty
Package: ltxcmds 2016/05/16 v1.23 LaTeX kernel commands for general use (HO)
)))
(/usr/share/texlive/texmf-dist/tex/latex/oberdiek/kvoptions.sty
Package: kvoptions 2016/05/16 v3.12 Key value format for package options (HO)

(/usr/share/texlive/texmf-dist/tex/generic/oberdiek/kvsetkeys.sty
Package: kvsetkeys 2016/05/16 v1.17 Key value parser (HO)

(/usr/share/texlive/texmf-dist/tex/generic/oberdiek/etexcmds.sty
Package: etexcmds 2016/05/16 v1.6 Avoid name clashes with e-TeX commands (HO)

(/usr/share/texlive/texmf-dist/tex/generic/oberdiek/ifluatex.sty
Package: ifluatex 2016/05/16 v1.4 Provides the ifluatex switch (HO)
Package ifluatex Info: LuaTeX not detected.
)
Package etexcmds Info: Could not find \expanded.
(etexcmds)             That can mean that you are not using pdfTeX 1.50 or
(etexcmds)             that some package has redefined \expanded.
(etexcmds)             In the latter case, load this package earlier.
)))
(/usr/share/texlive/texmf-dist/tex/generic/oberdiek/pdftexcmds.sty
Package: pdftexcmds 2018/01/21 v0.26 Utility functions of pdfTeX for LuaTeX (HO
)
Package pdftexcmds Info: LuaTeX not detected.
Package pdftexcmds Info: \pdf@primitive is available.
Package pdftexcmds Info: \pdf@ifprimitive is available.
Package pdftexcmds Info: \pdfdraftmode found.
)
Package epstopdf-base Info: Redefining graphics rule for `.eps' on input line 4
38.
Package grfext Info: Graphics extension search list:
(grfext)             [.pdf,.png,.jpg,.mps,.jpeg,.jbig2,.jb2,.PDF,.PNG,.JPG,.JPE
G,.JBIG2,.JB2,.eps]
(grfext)             \AppendGraphicsExtensions on input line 456.

(/usr/share/texlive/texmf-dist/tex/latex/latexconfig/epstopdf-sys.cfg
File: epstopdf-sys.cfg 2010/07/13 v1.3 Configuration of (r)epstopdf for TeX Liv
e
))
*geometry* driver: auto-detecting
*geometry* detected driver: pdftex
*geometry* verbose mode - [ preamble ] result:
* driver: pdftex
* paper: legalpaper
* layout: <same size as paper>
* layoutoffset:(h,v)=(0.0pt,0.0pt)
* modes: 
* h-part:(L,W,R)=(72.26999pt, 469.75502pt, 72.26999pt)
* v-part:(T,H,B)=(72.26999pt, 867.24002pt, 72.26999pt)
* \paperwidth=614.295pt
* \paperheight=1011.78pt
* \textwidth=469.75502pt
* \textheight=867.24002pt
* \oddsidemargin=0.0pt
* \evensidemargin=0.0pt
* \topmargin=-37.0pt
* \headheight=12.0pt
* \headsep=25.0pt
* \topskip=10.0pt
* \footskip=30.0pt
* \marginparwidth=65.0pt
* \marginparsep=11.0pt
* \columnsep=10.0pt
* \skip\footins=9.0pt plus 4.0pt minus 2.0pt
* \hoffset=0.0pt
* \voffset=0.0pt
* \mag=1000
* \@twocolumnfalse
* \@twosidefalse
* \@mparswitchfalse
* \@reversemarginfalse
* (1in=72.27pt=25.4mm, 1cm=28.453pt)

Package caption Info: Begin \AtBeginDocument code.
Package caption Info: End \AtBeginDocument code.
LaTeX Font Info:    External font `cmex10' loaded for size
(Font)              <12> on input line 15.
LaTeX Font Info:    External font `cmex10' loaded for size
(Font)              <8> on input line 15.
LaTeX Font Info:    External font `cmex10' loaded for size
(Font)              <6> on input line 15.

Underfull \hbox (badness 10000) in paragraph at lines 25--26

 []


Underfull \hbox (badness 10000) in paragraph at lines 35--36

 []


Underfull \hbox (badness 10000) in paragraph at lines 38--39

 []


Underfull \hbox (badness 10000) in paragraph at lines 40--41

 []

<poland_decision_max_tree_depth_accuracy.png, id=1, 256.70906pt x 290.58563pt>
File: poland_decision_max_tree_depth_accuracy.png Graphic file (type png)
<use poland_decision_max_tree_depth_accuracy.png>
Package pdftex.def Info: poland_decision_max_tree_depth_accuracy.png  used on i
nput line 63.
(pdftex.def)             Requested size: 112.74377pt x 127.62306pt.
LaTeX Font Info:    External font `cmex10' loaded for size
(Font)              <7> on input line 65.
LaTeX Font Info:    External font `cmex10' loaded for size
(Font)              <5> on input line 65.
<poland_decision_min_samples_split.png, id=2, 216.05719pt x 248.42813pt>
File: poland_decision_min_samples_split.png Graphic file (type png)
<use poland_decision_min_samples_split.png>
Package pdftex.def Info: poland_decision_min_samples_split.png  used on input l
ine 69.
(pdftex.def)             Requested size: 112.74377pt x 129.63446pt.
<poland_decision_min_samples_leaf.png, id=3, 216.05719pt x 248.42813pt>
File: poland_decision_min_samples_leaf.png Graphic file (type png)
<use poland_decision_min_samples_leaf.png>
Package pdftex.def Info: poland_decision_min_samples_leaf.png  used on input li
ne 75.
(pdftex.def)             Requested size: 112.74377pt x 129.63446pt.
<poland_decision_min_impurity_decrease_accuracy.png, id=4, 218.31563pt x 247.67
531pt>
File: poland_decision_min_impurity_decrease_accuracy.png Graphic file (type png
)
<use poland_decision_min_impurity_decrease_accuracy.png>
Package pdftex.def Info: poland_decision_min_impurity_decrease_accuracy.png  us
ed on input line 81.
(pdftex.def)             Requested size: 112.74377pt x 127.90378pt.
<poland_decision_learning_curve_without_max_depth.png, id=5, 263.48438pt x 223.
58531pt>
File: poland_decision_learning_curve_without_max_depth.png Graphic file (type p
ng)
<use poland_decision_learning_curve_without_max_depth.png>
Package pdftex.def Info: poland_decision_learning_curve_without_max_depth.png  
used on input line 86.
(pdftex.def)             Requested size: 178.5092pt x 151.48329pt.
<poland_decision_learning_curve_with_max_depth.png, id=6, 290.58563pt x 249.180
94pt>
File: poland_decision_learning_curve_with_max_depth.png Graphic file (type png)

<use poland_decision_learning_curve_with_max_depth.png>
Package pdftex.def Info: poland_decision_learning_curve_with_max_depth.png  use
d on input line 91.
(pdftex.def)             Requested size: 178.5092pt x 153.07616pt.

Underfull \hbox (badness 10000) in paragraph at lines 114--115

 []

[1

{/var/lib/texmf/fonts/map/pdftex/updmap/pdftex.map}] [2 <./poland_decision_max_
tree_depth_accuracy.png (PNG copy)> <./poland_decision_min_samples_split.png (P
NG copy)> <./poland_decision_min_samples_leaf.png (PNG copy)> <./poland_decisio
n_min_impurity_decrease_accuracy.png (PNG copy)> <./poland_decision_learning_cu
rve_without_max_depth.png (PNG copy)> <./poland_decision_learning_curve_with_ma
x_depth.png (PNG copy)>]
<poland_nn_hidden_layer_size_2_200_accuracy.png, id=20, 198.7425pt x 227.34938p
t>
File: poland_nn_hidden_layer_size_2_200_accuracy.png Graphic file (type png)
<use poland_nn_hidden_layer_size_2_200_accuracy.png>
Package pdftex.def Info: poland_nn_hidden_layer_size_2_200_accuracy.png  used o
n input line 155.
(pdftex.def)             Requested size: 112.74377pt x 128.97646pt.
<poland_nn_hidden_layer_2_size_2_60_accuracy.png, id=21, 200.24812pt x 225.0909
4pt>
File: poland_nn_hidden_layer_2_size_2_60_accuracy.png Graphic file (type png)
<use poland_nn_hidden_layer_2_size_2_60_accuracy.png>
Package pdftex.def Info: poland_nn_hidden_layer_2_size_2_60_accuracy.png  used 
on input line 161.
(pdftex.def)             Requested size: 112.74377pt x 126.73354pt.
<poland_nn_alpha_0_10_accuracy.png, id=22, 201.00093pt x 223.58531pt>
File: poland_nn_alpha_0_10_accuracy.png Graphic file (type png)
<use poland_nn_alpha_0_10_accuracy.png>
Package pdftex.def Info: poland_nn_alpha_0_10_accuracy.png  used on input line 
167.
(pdftex.def)             Requested size: 112.74377pt x 125.4116pt.
<poland_nn_learning_rate.png, id=23, 222.07968pt x 253.69781pt>
File: poland_nn_learning_rate.png Graphic file (type png)
<use poland_nn_learning_rate.png>
Package pdftex.def Info: poland_nn_learning_rate.png  used on input line 173.
(pdftex.def)             Requested size: 112.74377pt x 128.79576pt.
<poland_nn_learning_curve_constant.png, id=24, 289.83281pt x 245.41687pt>
File: poland_nn_learning_curve_constant.png Graphic file (type png)
<use poland_nn_learning_curve_constant.png>
Package pdftex.def Info: poland_nn_learning_curve_constant.png  used on input l
ine 179.
(pdftex.def)             Requested size: 178.5092pt x 151.15327pt.
<poland_nn_learning_curve_adaptive.png, id=25, 286.82156pt x 248.42813pt>
File: poland_nn_learning_curve_adaptive.png Graphic file (type png)
<use poland_nn_learning_curve_adaptive.png>
Package pdftex.def Info: poland_nn_learning_curve_adaptive.png  used on input l
ine 185.
(pdftex.def)             Requested size: 178.5092pt x 154.61519pt.
 [3 <./poland_nn_hidden_layer_size_2_200_accuracy.png (PNG copy)> <./poland_nn_
hidden_layer_2_size_2_60_accuracy.png (PNG copy)> <./poland_nn_alpha_0_10_accur
acy.png (PNG copy)> <./poland_nn_learning_rate.png (PNG copy)> <./poland_nn_lea
rning_curve_constant.png (PNG copy)> <./poland_nn_learning_curve_adaptive.png (
PNG copy)>]
<poland_knn_n_neighbors_350_accuracy.png, id=30, 255.95625pt x 289.08pt>
File: poland_knn_n_neighbors_350_accuracy.png Graphic file (type png)
<use poland_knn_n_neighbors_350_accuracy.png>
Package pdftex.def Info: poland_knn_n_neighbors_350_accuracy.png  used on input
 line 238.
(pdftex.def)             Requested size: 122.13371pt x 137.93637pt.
<poland_knn_learning_curve.png, id=31, 337.26pt x 287.57437pt>
File: poland_knn_learning_curve.png Graphic file (type png)
<use poland_knn_learning_curve.png>
Package pdftex.def Info: poland_knn_learning_curve.png  used on input line 244.

(pdftex.def)             Requested size: 159.71498pt x 136.18677pt.
<poland_knn_learning_curve_k_5.png, id=32, 347.79938pt x 286.82156pt>
File: poland_knn_learning_curve_k_5.png Graphic file (type png)
<use poland_knn_learning_curve_k_5.png>
Package pdftex.def Info: poland_knn_learning_curve_k_5.png  used on input line 
250.
(pdftex.def)             Requested size: 164.41711pt x 135.58954pt.
 [4 <./poland_knn_n_neighbors_350_accuracy.png (PNG copy)> <./poland_knn_learni
ng_curve.png (PNG copy)> <./poland_knn_learning_curve_k_5.png (PNG copy)>]
<poland_xgb_n_estimators_accuracy.png, id=36, 251.43938pt x 289.83281pt>
File: poland_xgb_n_estimators_accuracy.png Graphic file (type png)
<use poland_xgb_n_estimators_accuracy.png>
Package pdftex.def Info: poland_xgb_n_estimators_accuracy.png  used on input li
ne 310.
(pdftex.def)             Requested size: 140.92793pt x 162.44678pt.
<poland_xgb_max_depth_accuracy.png, id=37, 256.70906pt x 292.09125pt>
File: poland_xgb_max_depth_accuracy.png Graphic file (type png)
<use poland_xgb_max_depth_accuracy.png>
Package pdftex.def Info: poland_xgb_max_depth_accuracy.png  used on input line 
316.
(pdftex.def)             Requested size: 140.92793pt x 160.35205pt.
<poland_xgb_learning_curve.png, id=38, 337.26pt x 291.33844pt>
File: poland_xgb_learning_curve.png Graphic file (type png)
<use poland_xgb_learning_curve.png>
Package pdftex.def Info: poland_xgb_learning_curve.png  used on input line 321.

(pdftex.def)             Requested size: 178.5092pt x 154.20413pt.
 [5 <./poland_xgb_n_estimators_accuracy.png (PNG copy)> <./poland_xgb_max_depth
_accuracy.png (PNG copy)> <./poland_xgb_learning_curve.png (PNG copy)>]
<poland_svm_poly_degree.png, id=42, 221.32687pt x 248.42813pt>
File: poland_svm_poly_degree.png Graphic file (type png)
<use poland_svm_poly_degree.png>
Package pdftex.def Info: poland_svm_poly_degree.png  used on input line 375.
(pdftex.def)             Requested size: 140.92793pt x 158.19362pt.
<poland_svm_rbf_c_accuracy.png, id=43, 220.57407pt x 247.67531pt>
File: poland_svm_rbf_c_accuracy.png Graphic file (type png)
<use poland_svm_rbf_c_accuracy.png>
Package pdftex.def Info: poland_svm_rbf_c_accuracy.png  used on input line 381.

(pdftex.def)             Requested size: 140.92793pt x 158.25089pt.
<poland_svm_learning.png, id=44, 290.58563pt x 247.67531pt>
File: poland_svm_learning.png Graphic file (type png)
<use poland_svm_learning.png>
Package pdftex.def Info: poland_svm_learning.png  used on input line 387.
(pdftex.def)             Requested size: 178.5092pt x 152.15123pt.
 [6 <./poland_svm_poly_degree.png (PNG copy)> <./poland_svm_rbf_c_accuracy.png 
(PNG copy)> <./poland_svm_learning.png (PNG copy)>]
Overfull \hbox (11.7088pt too wide) in paragraph at lines 419--420
\OT1/cmr/m/n/10 Appendix Ta-ble 2 com-pares each model's per-for-mance af-ter t
un-ing. It shows ac-cu-racy, fit time(seconds)/number
 []

<mnist_decision_max_depth.png, id=48, 344.78813pt x 347.79938pt>
File: mnist_decision_max_depth.png Graphic file (type png)
<use mnist_decision_max_depth.png>
Package pdftex.def Info: mnist_decision_max_depth.png  used on input line 445.
(pdftex.def)             Requested size: 112.74377pt x 113.72867pt.
<mnist_decision_min_samples_split.png, id=49, 246.9225pt x 246.1697pt>
File: mnist_decision_min_samples_split.png Graphic file (type png)
<use mnist_decision_min_samples_split.png>
Package pdftex.def Info: mnist_decision_min_samples_split.png  used on input li
ne 451.
(pdftex.def)             Requested size: 112.74377pt x 112.39803pt.
<mnist_decision_min_samples_leaf.png, id=50, 249.18094pt x 246.9225pt>
File: mnist_decision_min_samples_leaf.png Graphic file (type png)
<use mnist_decision_min_samples_leaf.png>
Package pdftex.def Info: mnist_decision_min_samples_leaf.png  used on input lin
e 457.
(pdftex.def)             Requested size: 112.74377pt x 111.72069pt.
<mnist_decision_min_impurity_decrease.png, id=51, 246.9225pt x 249.18094pt>
File: mnist_decision_min_impurity_decrease.png Graphic file (type png)
<use mnist_decision_min_impurity_decrease.png>
Package pdftex.def Info: mnist_decision_min_impurity_decrease.png  used on inpu
t line 463.
(pdftex.def)             Requested size: 112.74377pt x 113.77292pt.
<mnist_decision_learning.png, id=52, 240.9pt x 210.7875pt>
File: mnist_decision_learning.png Graphic file (type png)
<use mnist_decision_learning.png>
Package pdftex.def Info: mnist_decision_learning.png  used on input line 469.
(pdftex.def)             Requested size: 159.71498pt x 139.7538pt.
<mnist_decision_learning2.png, id=53, 242.40562pt x 207.77625pt>
File: mnist_decision_learning2.png Graphic file (type png)
<use mnist_decision_learning2.png>
Package pdftex.def Info: mnist_decision_learning2.png  used on input line 475.
(pdftex.def)             Requested size: 159.71498pt x 136.90446pt.
[7]
<mnist_nn_hidden_layer_size.png, id=58, 244.66406pt x 251.43938pt>
File: mnist_nn_hidden_layer_size.png Graphic file (type png)
<use mnist_nn_hidden_layer_size.png>
Package pdftex.def Info: mnist_nn_hidden_layer_size.png  used on input line 516
.
(pdftex.def)             Requested size: 112.74377pt x 115.86685pt.
<mnist_nn_hidden_layer_2_size.png, id=59, 246.9225pt x 250.68657pt>
File: mnist_nn_hidden_layer_2_size.png Graphic file (type png)
<use mnist_nn_hidden_layer_2_size.png>
Package pdftex.def Info: mnist_nn_hidden_layer_2_size.png  used on input line 5
22.
(pdftex.def)             Requested size: 112.74377pt x 114.46037pt.
<mnist_nn_activation.png, id=60, 246.1697pt x 244.66406pt>
File: mnist_nn_activation.png Graphic file (type png)
<use mnist_nn_activation.png>
Package pdftex.def Info: mnist_nn_activation.png  used on input line 528.
(pdftex.def)             Requested size: 112.74377pt x 112.05403pt.
<mnist_nn_learning_rate.png, id=61, 294.34969pt x 296.60812pt>
File: mnist_nn_learning_rate.png Graphic file (type png)
<use mnist_nn_learning_rate.png>
Package pdftex.def Info: mnist_nn_learning_rate.png  used on input line 534.
(pdftex.def)             Requested size: 112.74377pt x 113.60837pt.
<mnist_nn_learning_logistic_400_200.png, id=62, 240.14719pt x 210.7875pt>
File: mnist_nn_learning_logistic_400_200.png Graphic file (type png)
<use mnist_nn_learning_logistic_400_200.png>
Package pdftex.def Info: mnist_nn_learning_logistic_400_200.png  used on input 
line 540.
(pdftex.def)             Requested size: 150.32504pt x 131.94771pt.
<mnist_nn_learning_relu_400_200.png, id=63, 240.9pt x 207.02344pt>
File: mnist_nn_learning_relu_400_200.png Graphic file (type png)
<use mnist_nn_learning_relu_400_200.png>
Package pdftex.def Info: mnist_nn_learning_relu_400_200.png  used on input line
 545.
(pdftex.def)             Requested size: 150.32504pt x 129.18715pt.
 [8 <./mnist_decision_max_depth.png (PNG copy)> <./mnist_decision_min_samples_s
plit.png (PNG copy)> <./mnist_decision_min_samples_leaf.png (PNG copy)> <./mnis
t_decision_min_impurity_decrease.png (PNG copy)> <./mnist_decision_learning.png
 (PNG copy)> <./mnist_decision_learning2.png (PNG copy)> <./mnist_nn_hidden_lay
er_size.png (PNG copy)> <./mnist_nn_hidden_layer_2_size.png (PNG copy)> <./mnis
t_nn_activation.png (PNG copy)> <./mnist_nn_learning_rate.png (PNG copy)> <./mn
ist_nn_learning_logistic_400_200.png (PNG copy)> <./mnist_nn_learning_relu_400_
200.png (PNG copy)>]
<mnist_knn_k.png, id=67, 246.9225pt x 247.67531pt>
File: mnist_knn_k.png Graphic file (type png)
<use mnist_knn_k.png>
Package pdftex.def Info: mnist_knn_k.png  used on input line 588.
(pdftex.def)             Requested size: 140.92793pt x 141.354pt.
<mnist_knn_learning.png, id=68, 244.66406pt x 207.02344pt>
File: mnist_knn_learning.png Graphic file (type png)
<use mnist_knn_learning.png>
Package pdftex.def Info: mnist_knn_learning.png  used on input line 594.
(pdftex.def)             Requested size: 159.71498pt x 135.14487pt.
<mnist_knn_learning2.png, id=69, 239.39438pt x 210.03468pt>
File: mnist_knn_learning2.png Graphic file (type png)
<use mnist_knn_learning2.png>
Package pdftex.def Info: mnist_knn_learning2.png  used on input line 600.
(pdftex.def)             Requested size: 159.71498pt x 140.12639pt.
 [9 <./mnist_knn_k.png (PNG copy)> <./mnist_knn_learning.png (PNG copy)> <./mni
st_knn_learning2.png (PNG copy)>]
<mnist_xgboost_n_estimators.png, id=73, 246.9225pt x 250.68657pt>
File: mnist_xgboost_n_estimators.png Graphic file (type png)
<use mnist_xgboost_n_estimators.png>
Package pdftex.def Info: mnist_xgboost_n_estimators.png  used on input line 646
.
(pdftex.def)             Requested size: 140.92793pt x 143.0726pt.
<mnist_xgboost_max_depth.png, id=74, 244.66406pt x 250.68657pt>
File: mnist_xgboost_max_depth.png Graphic file (type png)
<use mnist_xgboost_max_depth.png>
Package pdftex.def Info: mnist_xgboost_max_depth.png  used on input line 652.
(pdftex.def)             Requested size: 140.92793pt x 144.39993pt.
<mnist_xgboost_learning_30000.png, id=75, 292.09125pt x 246.9225pt>
File: mnist_xgboost_learning_30000.png Graphic file (type png)
<use mnist_xgboost_learning_30000.png>
Package pdftex.def Info: mnist_xgboost_learning_30000.png  used on input line 6
58.
(pdftex.def)             Requested size: 173.80705pt x 146.93388pt.
 [10 <./mnist_xgboost_n_estimators.png (PNG copy)> <./mnist_xgboost_max_depth.p
ng (PNG copy)> <./mnist_xgboost_learning_30000.png (PNG copy)>]
<mnist_svm_kernel.png, id=79, 249.93375pt x 246.9225pt>
File: mnist_svm_kernel.png Graphic file (type png)
<use mnist_svm_kernel.png>
Package pdftex.def Info: mnist_svm_kernel.png  used on input line 697.
(pdftex.def)             Requested size: 150.32504pt x 148.5201pt.
<mnist_svm_C.png, id=80, 246.9225pt x 249.18094pt>
File: mnist_svm_C.png Graphic file (type png)
<use mnist_svm_C.png>
Package pdftex.def Info: mnist_svm_C.png  used on input line 703.
(pdftex.def)             Requested size: 150.32504pt x 151.69977pt.
<mnist_svm_poly_degree.png, id=81, 298.11375pt x 295.85532pt>
File: mnist_svm_poly_degree.png Graphic file (type png)
<use mnist_svm_poly_degree.png>
Package pdftex.def Info: mnist_svm_poly_degree.png  used on input line 709.
(pdftex.def)             Requested size: 150.32504pt x 149.1868pt.
<mnist_svm_learning.png, id=82, 287.57437pt x 246.1697pt>
File: mnist_svm_learning.png Graphic file (type png)
<use mnist_svm_learning.png>
Package pdftex.def Info: mnist_svm_learning.png  used on input line 715.
(pdftex.def)             Requested size: 159.71498pt x 136.72345pt.
 [11 <./mnist_svm_kernel.png (PNG copy)> <./mnist_svm_C.png (PNG copy)> <./mnis
t_svm_poly_degree.png (PNG copy)> <./mnist_svm_learning.png (PNG copy)>] [12]
Overfull \hbox (36.85701pt too wide) in paragraph at lines 818--865
 [] 
 []

[13] [14] (./huifu_tian_supervised_learning_assignment.aux)

LaTeX Warning: There were multiply-defined labels.

 ) 
Here is how much of TeX's memory you used:
 3899 strings out of 494923
 63200 string characters out of 6180742
 137189 words of memory out of 5000000
 7150 multiletter control sequences out of 15000+600000
 8208 words of font info for 29 fonts, out of 8000000 for 9000
 14 hyphenation exceptions out of 8191
 42i,13n,40p,1864b,376s stack positions out of 5000i,500n,10000p,200000b,80000s
</usr/share/texlive/texmf-dist/fonts/type1/public/amsfonts/cm/cmbx10.pfb></us
r/share/texlive/texmf-dist/fonts/type1/public/amsfonts/cm/cmbx12.pfb></usr/shar
e/texlive/texmf-dist/fonts/type1/public/amsfonts/cm/cmmi10.pfb></usr/share/texl
ive/texmf-dist/fonts/type1/public/amsfonts/cm/cmr10.pfb></usr/share/texlive/tex
mf-dist/fonts/type1/public/amsfonts/cm/cmr12.pfb></usr/share/texlive/texmf-dist
/fonts/type1/public/amsfonts/cm/cmr17.pfb></usr/share/texlive/texmf-dist/fonts/
type1/public/amsfonts/cm/cmsy10.pfb>
Output written on huifu_tian_supervised_learning_assignment.pdf (14 pages, 1319
647 bytes).
PDF statistics:
 121 PDF objects out of 1000 (max. 8388607)
 54 compressed objects within 1 object stream
 0 named destinations out of 1000 (max. 500000)
 216 words of extra memory for PDF output out of 10000 (max. 10000000)

